Apr 28, 2013 11:30:05 PM oracle.mds
ERROR: missing element "file:/C:/JDeveloper/mywork/SSDI%20Demo/.adf/META-INF/adf-config.xml" in document "{1}"
Parse of component type files failed, check the adf-config.xml file : "oracle.fabric.common.FabricException: oracle.mds.config.MDSConfigurationException: MDS-01333: missing element "mds-config": MDS-01333: missing element "mds-config": oracle.mds.config.MDSConfigurationException: MDS-01333: missing element "mds-config": MDS-01333: missing element "mds-config""
oracle.fabric.common.FabricException: oracle.fabric.common.FabricException: oracle.mds.config.MDSConfigurationException: MDS-01333: missing element "mds-config": MDS-01333: missing element "mds-config": oracle.mds.config.MDSConfigurationException: MDS-01333: missing element "mds-config": MDS-01333: missing element "mds-config"
	at oracle.fabric.common.FabricMetadataManagerFactory.createMetadataManager(FabricMetadataManagerFactory.java:181)
	at oracle.fabric.common.FabricMetadataManagerFactory.createMetadataManager(FabricMetadataManagerFactory.java:146)
	at oracle.fabric.composite.model.ModuleConfigModel.initializeMetadataManager(ModuleConfigModel.java:63)
	at oracle.fabric.composite.model.CompositeModel.getClientMetadataManager(CompositeModel.java:226)
	at oracle.soa.scac.ValidateComposite.loadComposite(ValidateComposite.java:849)
	at oracle.soa.scac.ValidateComposite.doValidation(ValidateComposite.java:490)
	at oracle.soa.scac.ValidateComposite.run(ValidateComposite.java:150)
	at oracle.soa.scac.ValidateComposite.main(ValidateComposite.java:135)
Caused by: oracle.fabric.common.FabricException: oracle.mds.config.MDSConfigurationException: MDS-01333: missing element "mds-config": MDS-01333: missing element "mds-config"
	at oracle.integration.platform.common.MDSMetadataManagerImpl.init(MDSMetadataManagerImpl.java:313)
	at oracle.integration.platform.common.MDSMetadataManagerImpl.init(MDSMetadataManagerImpl.java:237)
	at oracle.integration.platform.common.MDSMetadataManagerImpl.<init>(MDSMetadataManagerImpl.java:223)
	at oracle.integration.platform.common.MDSMetadataManagerImpl.<init>(MDSMetadataManagerImpl.java:173)
	at sun.reflect.NativeConstructorAccessorImpl.newInstance0(Native Method)
	at sun.reflect.NativeConstructorAccessorImpl.newInstance(NativeConstructorAccessorImpl.java:39)
	at sun.reflect.DelegatingConstructorAccessorImpl.newInstance(DelegatingConstructorAccessorImpl.java:27)
	at java.lang.reflect.Constructor.newInstance(Constructor.java:513)
	at oracle.fabric.common.FabricMetadataManagerFactory.createMetadataManager(FabricMetadataManagerFactory.java:176)
	... 7 more
Caused by: oracle.mds.config.MDSConfigurationException: MDS-01333: missing element "mds-config"
	at oracle.mds.config.MDSConfig.<init>(MDSConfig.java:523)
	at oracle.mds.config.MDSConfig.<init>(MDSConfig.java:443)
	at oracle.integration.platform.common.MDSUtil.getMDSConfig(MDSUtil.java:42)
	at oracle.integration.platform.common.MDSUtil.getMDSInstance(MDSUtil.java:132)
	at oracle.integration.platform.common.MDSMetadataManagerImpl.getMDSInstance(MDSMetadataManagerImpl.java:662)
	at oracle.integration.platform.common.MDSMetadataManagerImpl.init(MDSMetadataManagerImpl.java:276)
	... 15 more
